git.exe : Cloning into 'C:\Users\matei\Desktop\NLP Materiale\linkuri_extrase\github_repos\Priya22__EmotionDynamics'...
At C:\Users\matei\Desktop\NLP Materiale\collect_links.ps1:119 char:9
+         & git clone $cloneUrl $dest 2>&1 | Out-File -Encoding UTF8 -F ...
+         ~~~~~~~~~~~~~~~~~~~~~~~~~~~~~~~~
    + CategoryInfo          : NotSpecified: (Cloning into 'C...ionDynamics'...:String) [], RemoteException
    + FullyQualifiedErrorId : NativeCommandError
 
Updating files:  25% (307/1214)
Updating files:  26% (316/1214)
Updating files:  27% (328/1214)
Updating files:  28% (340/1214)
Updating files:  29% (353/1214)
Updating files:  30% (365/1214)
Updating files:  31% (377/1214)
Updating files:  32% (389/1214)
Updating files:  33% (401/1214)
Updating files:  34% (413/1214)
Updating files:  35% (425/1214)
Updating files:  36% (438/1214)
Updating files:  37% (450/1214)
Updating files:  38% (462/1214)
Updating files:  39% (474/1214)
Updating files:  40% (486/1214)
Updating files:  41% (498/1214)
Updating files:  42% (510/1214)
Updating files:  43% (523/1214)
Updating files:  44% (535/1214)
Updating files:  45% (547/1214)
Updating files:  46% (559/1214)
Updating files:  47% (571/1214)
Updating files:  48% (583/1214)
Updating files:  49% (595/1214)
Updating files:  50% (607/1214)
Updating files:  51% (620/1214)
Updating files:  52% (632/1214)
Updating files:  53% (644/1214)
Updating files:  54% (656/1214)
Updating files:  55% (668/1214)
Updating files:  56% (680/1214)
Updating files:  57% (692/1214)
Updating files:  58% (705/1214)
Updating files:  59% (717/1214)
Updating files:  60% (729/1214)
Updating files:  61% (741/1214)
Updating files:  61% (752/1214)
Updating files:  62% (753/1214)
Updating files:  63% (765/1214)
Updating files:  64% (777/1214)
Updating files:  65% (790/1214)
Updating files:  66% (802/1214)
Updating files:  67% (814/1214)
Updating files:  68% (826/1214)
Updating files:  69% (838/1214)
Updating files:  70% (850/1214)
Updating files:  71% (862/1214)
Updating files:  72% (875/1214)
Updating files:  73% (887/1214)
Updating files:  74% (899/1214)
Updating files:  75% (911/1214)
Updating files:  76% (923/1214)
Updating files:  77% (935/1214)
Updating files:  78% (947/1214)
Updating files:  78% (953/1214)
Updating files:  79% (960/1214)
Updating files:  80% (972/1214)
Updating files:  81% (984/1214)
Updating files:  82% (996/1214)
Updating files:  83% (1008/1214)
Updating files:  84% (1020/1214)
Updating files:  85% (1032/1214)
Updating files:  86% (1045/1214)
Updating files:  87% (1057/1214)
Updating files:  88% (1069/1214)
Updating files:  89% (1081/1214)
Updating files:  90% (1093/1214)
Updating files:  91% (1105/1214)
Updating files:  92% (1117/1214)
Updating files:  93% (1130/1214)
Updating files:  94% (1142/1214)
Updating files:  95% (1154/1214)
Updating files:  96% (1166/1214)
Updating files:  97% (1178/1214)
Updating files:  98% (1190/1214)
Updating files:  99% (1202/1214)
Updating files: 100% (1214/1214)
Updating files: 100% (1214/1214), done.
